<?xml version="1.0" encoding="UTF-8"?>
<testng-results skipped="0" failed="0" ignored="0" total="2" passed="2">
  <reporter-output>
  </reporter-output>
  <suite name="Default suite" duration-ms="81" started-at="2021-10-31T16:07:59 IST" finished-at="2021-10-31T16:07:59 IST">
    <groups>
    </groups>
    <test name="Default test" duration-ms="81" started-at="2021-10-31T16:07:59 IST" finished-at="2021-10-31T16:07:59 IST">
      <class name="com.qa.testcases.Assert">
        <test-method status="PASS" signature="assertTest()[pri:-1, instance:com.qa.testcases.Assert@1e965684]" name="assertTest" duration-ms="16" started-at="2021-10-31T16:07:59 IST" finished-at="2021-10-31T16:07:59 IST">
          <reporter-output>
          </reporter-output>
        </test-method> <!-- assertTest -->
        <test-method status="PASS" signature="assertTest1()[pri:0, instance:com.qa.testcases.Assert@1e965684]" name="assertTest1" duration-ms="2" started-at="2021-10-31T16:07:59 IST" finished-at="2021-10-31T16:07:59 IST">
          <reporter-output>
          </reporter-output>
        </test-method> <!-- assertTest1 -->
      </class> <!-- com.qa.testcases.Assert -->
    </test> <!-- Default test -->
  </suite> <!-- Default suite -->
</testng-results>
